<?xml version="1.0" encoding="UTF-8"?>
<!-- Generated by org.testng.reporters.JUnitReportReporter -->
<testsuite hostname="Gaurav3152712" failures="0" tests="6" name="scripts.TestCase" time="74.063" errors="0" timestamp="19 Nov 2022 06:45:33 GMT">
  <testcase classname="scripts.TestCase" name="tc_1" time="11.588"/>
  <testcase classname="scripts.TestCase" name="tc_5" time="4.930"/>
  <testcase classname="scripts.TestCase" name="tc_2" time="13.629"/>
  <testcase classname="scripts.TestCase" name="tc_4" time="18.206"/>
  <testcase classname="scripts.TestCase" name="tc_3" time="12.647"/>
  <testcase classname="scripts.TestCase" name="tc_6" time="13.063"/>
</testsuite> <!-- scripts.TestCase -->
