<?xml version="1.0" encoding="UTF-8"?>
<!-- Generated by org.testng.reporters.JUnitReportReporter -->
<testsuite hostname="Gaurav3152712" failures="0" tests="1" name="relevel.scripts.NewTest" time="0.009" errors="0" timestamp="9 Nov 2022 14:41:50 GMT">
  <testcase classname="relevel.scripts.NewTest" name="f" time="0.009"/>
</testsuite> <!-- relevel.scripts.NewTest -->
