<?xml version="1.0" encoding="UTF-8"?>
<!-- Generated by org.testng.reporters.JUnitReportReporter -->
<testsuite hostname="Gaurav3152712" failures="0" tests="1" name="scripts.NewTest" time="0.012" errors="0" timestamp="9 Nov 2022 16:45:07 GMT">
  <testcase classname="scripts.NewTest" name="f" time="0.012"/>
</testsuite> <!-- scripts.NewTest -->
